[NX Daemon Server] - 2024-01-12T02:30:43.829Z - Started listening on: /tmp/5bb8e7cae546d797b699/d.sock
[NX Daemon Server] - 2024-01-12T02:30:43.831Z - [WATCHER]: Subscribed to changes within: /home/shane/Code/prototype7466 (native)
[NX Daemon Server] - 2024-01-12T02:30:43.836Z - Established a connection. Number of open connections: 1
[NX Daemon Server] - 2024-01-12T02:30:43.838Z - Established a connection. Number of open connections: 2
[NX Daemon Server] - 2024-01-12T02:30:43.840Z - [REQUEST]: Client Request for Project Graph Received
[NX Daemon Server] - 2024-01-12T02:30:43.841Z - [REQUEST]: Updated workspace context based on watched changes, recomputing project graph...
[NX Daemon Server] - 2024-01-12T02:30:43.841Z - [REQUEST]: 
[NX Daemon Server] - 2024-01-12T02:30:43.841Z - [REQUEST]: 
[NX Daemon Server] - 2024-01-12T02:30:43.884Z - [REQUEST]: Responding to the client. project-graph
[NX Daemon Server] - 2024-01-12T02:30:43.885Z - Done responding to the client project-graph
[NX Daemon Server] - 2024-01-12T02:30:43.885Z - Handled REQUEST_PROJECT_GRAPH. Handling time: 44. Response time: 1.
[NX Daemon Server] - 2024-01-12T02:30:43.885Z - Time taken for 'total for creating and serializing project graph' 44.163428999483585ms
[NX Daemon Server] - 2024-01-12T02:30:43.885Z - Closed a connection. Number of open connections: 1
[NX Daemon Server] - 2024-01-12T02:30:43.894Z - Closed a connection. Number of open connections: 0
[NX Daemon Server] - 2024-01-12T02:31:06.935Z - [WATCHER]: package.json was modified
[NX Daemon Server] - 2024-01-12T02:31:06.936Z - [WATCHER]: Processing file changes in outputs
[NX Daemon Server] - 2024-01-12T02:31:07.037Z - [REQUEST]: Updated workspace context based on watched changes, recomputing project graph...
[NX Daemon Server] - 2024-01-12T02:31:07.038Z - [REQUEST]: package.json
[NX Daemon Server] - 2024-01-12T02:31:07.038Z - [REQUEST]: 
[NX Daemon Server] - 2024-01-12T02:31:07.056Z - Time taken for 'hash changed files from watcher' 0.3551129996776581ms
[NX Daemon Server] - 2024-01-12T02:32:52.171Z - Established a connection. Number of open connections: 1
[NX Daemon Server] - 2024-01-12T02:32:52.172Z - Closed a connection. Number of open connections: 0
[NX Daemon Server] - 2024-01-12T02:32:52.173Z - Established a connection. Number of open connections: 1
[NX Daemon Server] - 2024-01-12T02:32:52.175Z - [REQUEST]: Client Request for Project Graph Received
[NX Daemon Server] - 2024-01-12T02:32:52.175Z - [REQUEST]: Responding to the client. project-graph
[NX Daemon Server] - 2024-01-12T02:32:52.175Z - Done responding to the client project-graph
[NX Daemon Server] - 2024-01-12T02:32:52.175Z - Handled REQUEST_PROJECT_GRAPH. Handling time: 0. Response time: 0.
[NX Daemon Server] - 2024-01-12T02:32:52.175Z - Time taken for 'total for creating and serializing project graph' 0.12790100276470184ms
[NX Daemon Server] - 2024-01-12T02:32:52.183Z - Closed a connection. Number of open connections: 0
[NX Daemon Server] - 2024-01-12T02:33:02.228Z - [WATCHER]: Processing file changes in outputs
[NX Daemon Server] - 2024-01-12T02:33:02.228Z - [WATCHER]: package.json was modified
[NX Daemon Server] - 2024-01-12T02:33:02.329Z - [REQUEST]: Updated workspace context based on watched changes, recomputing project graph...
[NX Daemon Server] - 2024-01-12T02:33:02.329Z - [REQUEST]: package.json
[NX Daemon Server] - 2024-01-12T02:33:02.329Z - [REQUEST]: 
[NX Daemon Server] - 2024-01-12T02:33:02.333Z - Time taken for 'hash changed files from watcher' 0.12475400418043137ms
[NX Daemon Server] - 2024-01-12T02:33:06.137Z - Established a connection. Number of open connections: 1
[NX Daemon Server] - 2024-01-12T02:33:06.138Z - Closed a connection. Number of open connections: 0
[NX Daemon Server] - 2024-01-12T02:33:06.139Z - Established a connection. Number of open connections: 1
[NX Daemon Server] - 2024-01-12T02:33:06.141Z - [REQUEST]: Client Request for Project Graph Received
[NX Daemon Server] - 2024-01-12T02:33:06.141Z - [REQUEST]: Responding to the client. project-graph
[NX Daemon Server] - 2024-01-12T02:33:06.141Z - Done responding to the client project-graph
[NX Daemon Server] - 2024-01-12T02:33:06.141Z - Handled REQUEST_PROJECT_GRAPH. Handling time: 0. Response time: 0.
[NX Daemon Server] - 2024-01-12T02:33:06.141Z - Time taken for 'total for creating and serializing project graph' 0.12032200396060944ms
[NX Daemon Server] - 2024-01-12T02:33:06.150Z - Closed a connection. Number of open connections: 0
[NX Daemon Server] - 2024-01-12T02:33:16.105Z - [WATCHER]: Processing file changes in outputs
[NX Daemon Server] - 2024-01-12T02:33:16.106Z - [WATCHER]: package.json was modified
[NX Daemon Server] - 2024-01-12T02:33:16.207Z - [REQUEST]: Updated workspace context based on watched changes, recomputing project graph...
[NX Daemon Server] - 2024-01-12T02:33:16.208Z - [REQUEST]: package.json
[NX Daemon Server] - 2024-01-12T02:33:16.208Z - [REQUEST]: 
[NX Daemon Server] - 2024-01-12T02:33:16.220Z - Time taken for 'hash changed files from watcher' 0.2935899943113327ms
[NX Daemon Server] - 2024-01-12T02:33:54.381Z - [WATCHER]: package.json was modified
[NX Daemon Server] - 2024-01-12T02:33:54.381Z - [WATCHER]: Processing file changes in outputs
[NX Daemon Server] - 2024-01-12T02:33:54.583Z - [REQUEST]: Updated workspace context based on watched changes, recomputing project graph...
[NX Daemon Server] - 2024-01-12T02:33:54.583Z - [REQUEST]: package.json
[NX Daemon Server] - 2024-01-12T02:33:54.583Z - [REQUEST]: 
[NX Daemon Server] - 2024-01-12T02:33:54.598Z - Time taken for 'hash changed files from watcher' 0.3056809976696968ms
[NX Daemon Server] - 2024-01-12T02:33:58.586Z - Established a connection. Number of open connections: 1
[NX Daemon Server] - 2024-01-12T02:33:58.587Z - Closed a connection. Number of open connections: 0
[NX Daemon Server] - 2024-01-12T02:33:58.588Z - Established a connection. Number of open connections: 1
[NX Daemon Server] - 2024-01-12T02:33:58.589Z - [REQUEST]: Client Request for Project Graph Received
[NX Daemon Server] - 2024-01-12T02:33:58.590Z - [REQUEST]: Responding to the client. project-graph
[NX Daemon Server] - 2024-01-12T02:33:58.590Z - Done responding to the client project-graph
[NX Daemon Server] - 2024-01-12T02:33:58.590Z - Handled REQUEST_PROJECT_GRAPH. Handling time: 1. Response time: 0.
[NX Daemon Server] - 2024-01-12T02:33:58.590Z - Time taken for 'total for creating and serializing project graph' 0.12814699858427048ms
[NX Daemon Server] - 2024-01-12T02:33:58.613Z - [REQUEST]: Responding to the client. handleHashTasks
[NX Daemon Server] - 2024-01-12T02:33:58.614Z - Done responding to the client handleHashTasks
[NX Daemon Server] - 2024-01-12T02:33:58.614Z - Handled HASH_TASKS. Handling time: 2. Response time: 1.
[NX Daemon Server] - 2024-01-12T02:33:59.768Z - [WATCHER]: Processing file changes in outputs
[NX Daemon Server] - 2024-01-12T02:34:00.838Z - [REQUEST]: Responding to the client. recordOutputsHash
[NX Daemon Server] - 2024-01-12T02:34:00.838Z - Done responding to the client recordOutputsHash
[NX Daemon Server] - 2024-01-12T02:34:00.838Z - Handled RECORD_OUTPUTS_HASH. Handling time: 5. Response time: 0.
[NX Daemon Server] - 2024-01-12T02:34:00.838Z - [WATCHER]: Processing file changes in outputs
[NX Daemon Server] - 2024-01-12T02:34:00.869Z - Closed a connection. Number of open connections: 0
[NX Daemon Server] - 2024-01-12T02:38:31.633Z - [WATCHER]: Processing file changes in outputs
[NX Daemon Server] - 2024-01-12T02:38:31.633Z - [WATCHER]: Stopping the watcher for /home/shane/Code/prototype7466 (sources)
